<?xml version="1.0" encoding="UTF-8"?>
<!-- Generated by org.testng.reporters.JUnitReportReporter -->
<testsuite hostname="MAA155CG2203YHX" failures="0" tests="1" name="Idea.SendEmailWithAttachment" time="2.587" errors="0" timestamp="2024-10-29T12:28:03 IST" skipped="0">
  <testcase classname="Idea.SendEmailWithAttachment" name="Send_Email" time="2.587"/>
</testsuite> <!-- Idea.SendEmailWithAttachment -->
